<?xml version="1.0" encoding="UTF-8"?>
<!-- Generated by org.testng.reporters.JUnitXMLReporter -->
<testsuite ignored="0" hostname="AS24-2CN8QV3" failures="0" tests="9" name="FirefoxTest" time="40.035" errors="0" timestamp="2025-08-04T21:11:52 IST">
  <testcase classname="testClasses.LoginpageTestClass" name="verifyApplicationLaunch" time="0.089"/>
  <testcase classname="testClasses.LoginpageTestClass" name="verifyRemembermeCheckboxCheckOrNot" time="0.0">
    <skipped/>
  </testcase> <!-- verifyRemembermeCheckboxCheckOrNot -->
  <testcase classname="testClasses.LoginpageTestClass" name="verifyResetPassworddPageLoading" time="0.0">
    <skipped/>
  </testcase> <!-- verifyResetPassworddPageLoading -->
  <testcase classname="testClasses.LoginpageTestClass" name="verifySuccesfulLogin" time="0.0">
    <skipped/>
  </testcase> <!-- verifySuccesfulLogin -->
  <testcase classname="testClasses.LoginpageTestClass" name="verifyUnSuccesfulLogin" time="0.0">
    <skipped/>
  </testcase> <!-- verifyUnSuccesfulLogin -->
  <testcase classname="testClasses.LoginpageTestClass" name="verifyUnSuccesfulLogin" time="0.0">
    <skipped/>
  </testcase> <!-- verifyUnSuccesfulLogin -->
  <testcase classname="testClasses.LoginpageTestClass" name="verifyUnSuccesfulLogin" time="0.001">
    <skipped/>
  </testcase> <!-- verifyUnSuccesfulLogin -->
  <testcase classname="testClasses.LoginpageTestClass" name="verifyUsernameTextboxShowingHintorNot" time="0.0">
    <skipped/>
  </testcase> <!-- verifyUsernameTextboxShowingHintorNot -->
  <testcase classname="testClasses.HomePageTestClass" name="verifyTheTooltipOfCalculatorIcon" time="4.904"/>
</testsuite> <!-- FirefoxTest -->
