<?xml version="1.0" encoding="UTF-8"?>
<!-- Generated by org.testng.reporters.JUnitXMLReporter -->
<testsuite ignored="0" hostname="AS24-2CN8QV3" failures="0" tests="3" name="Test2" time="4.738" errors="0" timestamp="2025-08-04T21:36:47 IST">
  <testcase classname="testClasses.ExpensePageTestClass" name="verifyExpenseCategoryLoading" time="0.567">
    <skipped/>
  </testcase> <!-- verifyExpenseCategoryLoading -->
  <testcase classname="testClasses.ExpensePageTestClass" name="verifyExpenseCategoryLoading" time="0.002">
    <skipped/>
  </testcase> <!-- verifyExpenseCategoryLoading -->
  <testcase classname="testClasses.ExpensePageTestClass" name="verifyExpenseCategoryLoading" time="0.002">
    <skipped/>
  </testcase> <!-- verifyExpenseCategoryLoading -->
</testsuite> <!-- Test2 -->
