<?xml version="1.0" encoding="UTF-8"?>
<testng-results ignored="0" total="9" passed="9" failed="0" skipped="0">
  <reporter-output>
  </reporter-output>
  <suite started-at="2025-08-04T21:36:42 IST" name="Suite" finished-at="2025-08-04T21:38:07 IST" duration-ms="84671">
    <groups>
      <group name="group2">
        <method signature="LoginpageTestClass.verifyApplicationLaunch()[pri:0, instance:testClasses.LoginpageTestClass@70e38ce1]" name="verifyApplicationLaunch" class="testClasses.LoginpageTestClass"/>
        <method signature="LoginpageTestClass.verifyRemembermeCheckboxCheckOrNot()[pri:0, instance:testClasses.LoginpageTestClass@70e38ce1]" name="verifyRemembermeCheckboxCheckOrNot" class="testClasses.LoginpageTestClass"/>
      </group> <!-- group2 -->
      <group name="group1">
        <method signature="HomePageTestClass.verifyTheTooltipOfCalculatorIcon()[pri:0, instance:testClasses.HomePageTestClass@6dd7b5a3]" name="verifyTheTooltipOfCalculatorIcon" class="testClasses.HomePageTestClass"/>
        <method signature="LoginpageTestClass.verifyUsernameTextboxShowingHintorNot()[pri:0, instance:testClasses.LoginpageTestClass@70e38ce1]" name="verifyUsernameTextboxShowingHintorNot" class="testClasses.LoginpageTestClass"/>
      </group> <!-- group1 -->
    </groups>
    <test started-at="2025-08-04T21:36:42 IST" name="Test1" finished-at="2025-08-04T21:38:07 IST" duration-ms="84671">
      <class name="testClasses.HomePageTestClass">
        <test-method is-config="true" signature="setUp(java.lang.String)[pri:0, instance:testClasses.HomePageTestClass@6dd7b5a3]" started-at="2025-08-04T21:37:52 IST" name="setUp" finished-at="2025-08-04T21:37:55 IST" duration-ms="3536" status="PASS">
          <params>
            <param index="0">
              <value>
                <![CDATA[Chrome]]>
              </value>
            </param>
          </params>
          <reporter-output>
          </reporter-output>
        </test-method> <!-- setUp -->
        <test-method signature="verifyTheTooltipOfCalculatorIcon()[pri:0, instance:testClasses.HomePageTestClass@6dd7b5a3]" started-at="2025-08-04T21:37:55 IST" name="verifyTheTooltipOfCalculatorIcon" finished-at="2025-08-04T21:38:06 IST" duration-ms="10626" status="PASS">
          <reporter-output>
          </reporter-output>
        </test-method> <!-- verifyTheTooltipOfCalculatorIcon -->
        <test-method is-config="true" signature="tearDown()[pri:0, instance:testClasses.HomePageTestClass@6dd7b5a3]" started-at="2025-08-04T21:38:06 IST" name="tearDown" finished-at="2025-08-04T21:38:07 IST" duration-ms="741" status="PASS">
          <reporter-output>
          </reporter-output>
        </test-method> <!-- tearDown -->
      </class> <!-- testClasses.HomePageTestClass -->
      <class name="testClasses.LoginpageTestClass">
        <test-method is-config="true" signature="setUp(java.lang.String)[pri:0, instance:testClasses.LoginpageTestClass@70e38ce1]" started-at="2025-08-04T21:36:42 IST" name="setUp" finished-at="2025-08-04T21:36:46 IST" duration-ms="4079" status="PASS">
          <params>
            <param index="0">
              <value>
                <![CDATA[Chrome]]>
              </value>
            </param>
          </params>
          <reporter-output>
          </reporter-output>
        </test-method> <!-- setUp -->
        <test-method signature="verifyApplicationLaunch()[pri:0, instance:testClasses.LoginpageTestClass@70e38ce1]" started-at="2025-08-04T21:36:46 IST" name="verifyApplicationLaunch" finished-at="2025-08-04T21:36:46 IST" duration-ms="82" status="PASS">
          <reporter-output>
          </reporter-output>
        </test-method> <!-- verifyApplicationLaunch -->
        <test-method is-config="true" signature="tearDown()[pri:0, instance:testClasses.LoginpageTestClass@70e38ce1]" started-at="2025-08-04T21:36:46 IST" name="tearDown" finished-at="2025-08-04T21:36:47 IST" duration-ms="496" status="PASS">
          <reporter-output>
          </reporter-output>
        </test-method> <!-- tearDown -->
        <test-method is-config="true" signature="setUp(java.lang.String)[pri:0, instance:testClasses.LoginpageTestClass@70e38ce1]" started-at="2025-08-04T21:36:47 IST" name="setUp" finished-at="2025-08-04T21:36:49 IST" duration-ms="2473" status="PASS">
          <params>
            <param index="0">
              <value>
                <![CDATA[Chrome]]>
              </value>
            </param>
          </params>
          <reporter-output>
          </reporter-output>
        </test-method> <!-- setUp -->
        <test-method signature="verifyRemembermeCheckboxCheckOrNot()[pri:0, instance:testClasses.LoginpageTestClass@70e38ce1]" started-at="2025-08-04T21:36:49 IST" name="verifyRemembermeCheckboxCheckOrNot" finished-at="2025-08-04T21:36:49 IST" duration-ms="42" status="PASS">
          <reporter-output>
          </reporter-output>
        </test-method> <!-- verifyRemembermeCheckboxCheckOrNot -->
        <test-method is-config="true" signature="tearDown()[pri:0, instance:testClasses.LoginpageTestClass@70e38ce1]" started-at="2025-08-04T21:36:49 IST" name="tearDown" finished-at="2025-08-04T21:36:50 IST" duration-ms="437" status="PASS">
          <reporter-output>
          </reporter-output>
        </test-method> <!-- tearDown -->
        <test-method is-config="true" signature="setUp(java.lang.String)[pri:0, instance:testClasses.LoginpageTestClass@70e38ce1]" started-at="2025-08-04T21:36:50 IST" name="setUp" finished-at="2025-08-04T21:36:53 IST" duration-ms="3549" status="PASS">
          <params>
            <param index="0">
              <value>
                <![CDATA[Chrome]]>
              </value>
            </param>
          </params>
          <reporter-output>
          </reporter-output>
        </test-method> <!-- setUp -->
        <test-method signature="verifyResetPassworddPageLoading()[pri:0, instance:testClasses.LoginpageTestClass@70e38ce1]" started-at="2025-08-04T21:36:53 IST" name="verifyResetPassworddPageLoading" finished-at="2025-08-04T21:36:54 IST" duration-ms="700" status="PASS">
          <reporter-output>
          </reporter-output>
        </test-method> <!-- verifyResetPassworddPageLoading -->
        <test-method is-config="true" signature="tearDown()[pri:0, instance:testClasses.LoginpageTestClass@70e38ce1]" started-at="2025-08-04T21:36:54 IST" name="tearDown" finished-at="2025-08-04T21:36:54 IST" duration-ms="596" status="PASS">
          <reporter-output>
          </reporter-output>
        </test-method> <!-- tearDown -->
        <test-method is-config="true" signature="setUp(java.lang.String)[pri:0, instance:testClasses.LoginpageTestClass@70e38ce1]" started-at="2025-08-04T21:36:54 IST" name="setUp" finished-at="2025-08-04T21:37:00 IST" duration-ms="5273" status="PASS">
          <params>
            <param index="0">
              <value>
                <![CDATA[Chrome]]>
              </value>
            </param>
          </params>
          <reporter-output>
          </reporter-output>
        </test-method> <!-- setUp -->
        <test-method signature="verifySuccesfulLogin()[pri:0, instance:testClasses.LoginpageTestClass@70e38ce1]" started-at="2025-08-04T21:37:00 IST" name="verifySuccesfulLogin" finished-at="2025-08-04T21:37:05 IST" duration-ms="5626" status="PASS">
          <reporter-output>
          </reporter-output>
        </test-method> <!-- verifySuccesfulLogin -->
        <test-method is-config="true" signature="tearDown()[pri:0, instance:testClasses.LoginpageTestClass@70e38ce1]" started-at="2025-08-04T21:37:05 IST" name="tearDown" finished-at="2025-08-04T21:37:06 IST" duration-ms="884" status="PASS">
          <reporter-output>
          </reporter-output>
        </test-method> <!-- tearDown -->
        <test-method is-config="true" signature="setUp(java.lang.String)[pri:0, instance:testClasses.LoginpageTestClass@70e38ce1]" started-at="2025-08-04T21:37:06 IST" name="setUp" finished-at="2025-08-04T21:37:37 IST" duration-ms="30713" status="PASS">
          <params>
            <param index="0">
              <value>
                <![CDATA[Chrome]]>
              </value>
            </param>
          </params>
          <reporter-output>
          </reporter-output>
        </test-method> <!-- setUp -->
        <test-method signature="verifyUnSuccesfulLogin(java.lang.String,java.lang.String)[pri:0, instance:testClasses.LoginpageTestClass@70e38ce1]" started-at="2025-08-04T21:37:37 IST" name="verifyUnSuccesfulLogin" data-provider="verifyUnSuccesfulLogin" finished-at="2025-08-04T21:37:38 IST" duration-ms="870" status="PASS">
          <params>
            <param index="0">
              <value>
                <![CDATA[admin]]>
              </value>
            </param>
            <param index="1">
              <value>
                <![CDATA[1277]]>
              </value>
            </param>
          </params>
          <reporter-output>
          </reporter-output>
        </test-method> <!-- verifyUnSuccesfulLogin -->
        <test-method is-config="true" signature="tearDown()[pri:0, instance:testClasses.LoginpageTestClass@70e38ce1]" started-at="2025-08-04T21:37:38 IST" name="tearDown" finished-at="2025-08-04T21:37:38 IST" duration-ms="348" status="PASS">
          <reporter-output>
          </reporter-output>
        </test-method> <!-- tearDown -->
        <test-method is-config="true" signature="setUp(java.lang.String)[pri:0, instance:testClasses.LoginpageTestClass@70e38ce1]" started-at="2025-08-04T21:37:38 IST" name="setUp" finished-at="2025-08-04T21:37:41 IST" duration-ms="2350" status="PASS">
          <params>
            <param index="0">
              <value>
                <![CDATA[Chrome]]>
              </value>
            </param>
          </params>
          <reporter-output>
          </reporter-output>
        </test-method> <!-- setUp -->
        <test-method signature="verifyUnSuccesfulLogin(java.lang.String,java.lang.String)[pri:0, instance:testClasses.LoginpageTestClass@70e38ce1]" started-at="2025-08-04T21:37:41 IST" name="verifyUnSuccesfulLogin" data-provider="verifyUnSuccesfulLogin" finished-at="2025-08-04T21:37:42 IST" duration-ms="1092" status="PASS">
          <params>
            <param index="0">
              <value>
                <![CDATA[henry]]>
              </value>
            </param>
            <param index="1">
              <value>
                <![CDATA[123456]]>
              </value>
            </param>
          </params>
          <reporter-output>
          </reporter-output>
        </test-method> <!-- verifyUnSuccesfulLogin -->
        <test-method is-config="true" signature="tearDown()[pri:0, instance:testClasses.LoginpageTestClass@70e38ce1]" started-at="2025-08-04T21:37:42 IST" name="tearDown" finished-at="2025-08-04T21:37:42 IST" duration-ms="513" status="PASS">
          <reporter-output>
          </reporter-output>
        </test-method> <!-- tearDown -->
        <test-method is-config="true" signature="setUp(java.lang.String)[pri:0, instance:testClasses.LoginpageTestClass@70e38ce1]" started-at="2025-08-04T21:37:42 IST" name="setUp" finished-at="2025-08-04T21:37:46 IST" duration-ms="3675" status="PASS">
          <params>
            <param index="0">
              <value>
                <![CDATA[Chrome]]>
              </value>
            </param>
          </params>
          <reporter-output>
          </reporter-output>
        </test-method> <!-- setUp -->
        <test-method signature="verifyUnSuccesfulLogin(java.lang.String,java.lang.String)[pri:0, instance:testClasses.LoginpageTestClass@70e38ce1]" started-at="2025-08-04T21:37:46 IST" name="verifyUnSuccesfulLogin" data-provider="verifyUnSuccesfulLogin" finished-at="2025-08-04T21:37:47 IST" duration-ms="1266" status="PASS">
          <params>
            <param index="0">
              <value>
                <![CDATA[Tom]]>
              </value>
            </param>
            <param index="1">
              <value>
                <![CDATA[T996]]>
              </value>
            </param>
          </params>
          <reporter-output>
          </reporter-output>
        </test-method> <!-- verifyUnSuccesfulLogin -->
        <test-method is-config="true" signature="tearDown()[pri:0, instance:testClasses.LoginpageTestClass@70e38ce1]" started-at="2025-08-04T21:37:47 IST" name="tearDown" finished-at="2025-08-04T21:37:48 IST" duration-ms="511" status="PASS">
          <reporter-output>
          </reporter-output>
        </test-method> <!-- tearDown -->
        <test-method is-config="true" signature="setUp(java.lang.String)[pri:0, instance:testClasses.LoginpageTestClass@70e38ce1]" started-at="2025-08-04T21:37:48 IST" name="setUp" finished-at="2025-08-04T21:37:51 IST" duration-ms="3631" status="PASS">
          <params>
            <param index="0">
              <value>
                <![CDATA[Chrome]]>
              </value>
            </param>
          </params>
          <reporter-output>
          </reporter-output>
        </test-method> <!-- setUp -->
        <test-method signature="verifyUsernameTextboxShowingHintorNot()[pri:0, instance:testClasses.LoginpageTestClass@70e38ce1]" started-at="2025-08-04T21:37:51 IST" name="verifyUsernameTextboxShowingHintorNot" finished-at="2025-08-04T21:37:51 IST" duration-ms="35" status="PASS">
          <reporter-output>
          </reporter-output>
        </test-method> <!-- verifyUsernameTextboxShowingHintorNot -->
        <test-method is-config="true" signature="tearDown()[pri:0, instance:testClasses.LoginpageTestClass@70e38ce1]" started-at="2025-08-04T21:37:51 IST" name="tearDown" finished-at="2025-08-04T21:37:52 IST" duration-ms="414" status="PASS">
          <reporter-output>
          </reporter-output>
        </test-method> <!-- tearDown -->
      </class> <!-- testClasses.LoginpageTestClass -->
    </test> <!-- Test1 -->
  </suite> <!-- Suite -->
</testng-results>
