<?xml version="1.0" encoding="UTF-8"?>
<!-- Generated by org.testng.reporters.JUnitXMLReporter -->
<testsuite ignored="5" hostname="AS24-2CN8QV3" failures="0" tests="1" name="Default test" time="8.314" errors="0" timestamp="2025-08-04T10:21:01 IST">
  <testcase classname="testClasses.LoginpageTestClass" name="verifySuccesfulLogin" time="4.395"/>
  <testcase classname="testClasses.LoginpageTestClass" name="verifyRemembermeCheckboxCheckOrNot" time="0.0">
    <ignored/>
  </testcase> <!-- verifyRemembermeCheckboxCheckOrNot -->
  <testcase classname="testClasses.LoginpageTestClass" name="verifyResetPassworddPageLoading" time="0.0">
    <ignored/>
  </testcase> <!-- verifyResetPassworddPageLoading -->
  <testcase classname="testClasses.LoginpageTestClass" name="verifyUnSuccesfulLogin" time="0.0">
    <ignored/>
  </testcase> <!-- verifyUnSuccesfulLogin -->
  <testcase classname="testClasses.LoginpageTestClass" name="verifyApplicationLaunch" time="0.0">
    <ignored/>
  </testcase> <!-- verifyApplicationLaunch -->
  <testcase classname="testClasses.LoginpageTestClass" name="verifyUsernameTextboxShowingHintorNot" time="0.0">
    <ignored/>
  </testcase> <!-- verifyUsernameTextboxShowingHintorNot -->
</testsuite> <!-- Default test -->
